[1120/095831.004:ERROR:directory_reader_win.cc(43)] FindFirstFile: The system cannot find the path specified. (0x3)
[1120/155303.313:ERROR:process_memory_win.cc(73)] ReadMemory at 0x13f3d0000 of 64 bytes failed: Only part of a ReadProcessMemory or WriteProcessMemory request was completed. (0x12B)
[1120/155303.540:WARNING:pe_image_reader.cc(340)] could not read dos header from C:\Program Files\Google\Chrome\Application\chrome.exe
[1120/155303.540:ERROR:process_memory_win.cc(73)] ReadMemory at 0x76f80000 of 64 bytes failed: Only part of a ReadProcessMemory or WriteProcessMemory request was completed. (0x12B)
[1120/155303.540:WARNING:pe_image_reader.cc(340)] could not read dos header from C:\Windows\SYSTEM32\ntdll.dll
[1120/155303.540:ERROR:process_memory_win.cc(73)] ReadMemory at 0x76e60000 of 64 bytes failed: Only part of a ReadProcessMemory or WriteProcessMemory request was completed. (0x12B)
[1120/155303.540:WARNING:pe_image_reader.cc(340)] could not read dos header from C:\Windows\system32\kernel32.dll
[1120/155303.540:ERROR:process_memory_win.cc(73)] ReadMemory at 0x7fefd230000 of 64 bytes failed: Only part of a ReadProcessMemory or WriteProcessMemory request was completed. (0x12B)
[1120/155303.541:WARNING:pe_image_reader.cc(340)] could not read dos header from C:\Windows\system32\KERNELBASE.dll
[1120/155303.541:ERROR:process_memory_win.cc(73)] ReadMemory at 0x7fef2ae0000 of 64 bytes failed: Only part of a ReadProcessMemory or WriteProcessMemory request was completed. (0x12B)
[1120/155303.541:WARNING:pe_image_reader.cc(340)] could not read dos header from C:\Program Files\Google\Chrome\Application\86.0.4240.198\chrome_elf.dll
[1120/155303.541:ERROR:process_memory_win.cc(73)] ReadMemory at 0x7fefc030000 of 64 bytes failed: Only part of a ReadProcessMemory or WriteProcessMemory request was completed. (0x12B)
[1120/155303.541:WARNING:pe_image_reader.cc(340)] could not read dos header from C:\Windows\system32\VERSION.dll
[1120/155303.541:ERROR:process_memory_win.cc(73)] ReadMemory at 0x7fefde40000 of 64 bytes failed: Only part of a ReadProcessMemory or WriteProcessMemory request was completed. (0x12B)
[1120/155303.541:WARNING:pe_image_reader.cc(340)] could not read dos header from C:\Windows\system32\msvcrt.dll
[1120/155303.541:ERROR:process_memory_win.cc(73)] ReadMemory at 0x7fefe100000 of 64 bytes failed: Only part of a ReadProcessMemory or WriteProcessMemory request was completed. (0x12B)
[1120/155303.541:WARNING:pe_image_reader.cc(340)] could not read dos header from C:\Windows\system32\SHELL32.dll
[1120/155303.541:ERROR:process_memory_win.cc(73)] ReadMemory at 0x7fefdee0000 of 64 bytes failed: Only part of a ReadProcessMemory or WriteProcessMemory request was completed. (0x12B)
[1120/155303.541:WARNING:pe_image_reader.cc(340)] could not read dos header from C:\Windows\system32\SHLWAPI.dll
[1120/155303.541:ERROR:process_memory_win.cc(73)] ReadMemory at 0x7fefefd0000 of 64 bytes failed: Only part of a ReadProcessMemory or WriteProcessMemory request was completed. (0x12B)
[1120/155303.541:WARNING:pe_image_reader.cc(340)] could not read dos header from C:\Windows\system32\GDI32.dll
[1120/155303.541:ERROR:process_memory_win.cc(73)] ReadMemory at 0x76d60000 of 64 bytes failed: Only part of a ReadProcessMemory or WriteProcessMemory request was completed. (0x12B)
[1120/155303.541:WARNING:pe_image_reader.cc(340)] could not read dos header from C:\Windows\system32\USER32.dll
[1120/155303.542:ERROR:process_memory_win.cc(73)] ReadMemory at 0x7fefee90000 of 64 bytes failed: Only part of a ReadProcessMemory or WriteProcessMemory request was completed. (0x12B)
[1120/155303.542:WARNING:pe_image_reader.cc(340)] could not read dos header from C:\Windows\system32\LPK.dll
[1120/155303.542:ERROR:process_memory_win.cc(73)] ReadMemory at 0x7fefdd70000 of 64 bytes failed: Only part of a ReadProcessMemory or WriteProcessMemory request was completed. (0x12B)
[1120/155303.542:WARNING:pe_image_reader.cc(340)] could not read dos header from C:\Windows\system32\USP10.dll
[1120/155303.542:ERROR:process_memory_win.cc(73)] ReadMemory at 0x7feff0e0000 of 64 bytes failed: Only part of a ReadProcessMemory or WriteProcessMemory request was completed. (0x12B)
[1120/155303.542:WARNING:pe_image_reader.cc(340)] could not read dos header from C:\Windows\system32\IMM32.DLL
[1120/155303.542:ERROR:process_memory_win.cc(73)] ReadMemory at 0x7fefdbe0000 of 64 bytes failed: Only part of a ReadProcessMemory or WriteProcessMemory request was completed. (0x12B)
[1120/155303.542:WARNING:pe_image_reader.cc(340)] could not read dos header from C:\Windows\system32\MSCTF.dll
[1120/155303.542:ERROR:process_memory_win.cc(73)] ReadMemory at 0x7fefdb00000 of 64 bytes failed: Only part of a ReadProcessMemory or WriteProcessMemory request was completed. (0x12B)
[1120/155303.542:WARNING:pe_image_reader.cc(340)] could not read dos header from C:\Windows\system32\ADVAPI32.dll
[1120/155303.542:ERROR:process_memory_win.cc(73)] ReadMemory at 0x7fefdae0000 of 64 bytes failed: Only part of a ReadProcessMemory or WriteProcessMemory request was completed. (0x12B)
[1120/155303.542:WARNING:pe_image_reader.cc(340)] could not read dos header from C:\Windows\SYSTEM32\sechost.dll
[1120/155303.543:ERROR:process_memory_win.cc(73)] ReadMemory at 0x7feff160000 of 64 bytes failed: Only part of a ReadProcessMemory or WriteProcessMemory request was completed. (0x12B)
[1120/155303.543:WARNING:pe_image_reader.cc(340)] could not read dos header from C:\Windows\system32\RPCRT4.dll
[1120/155303.543:ERROR:process_memory_win.cc(73)] ReadMemory at 0x7fee98a0000 of 64 bytes failed: Only part of a ReadProcessMemory or WriteProcessMemory request was completed. (0x12B)
[1120/155303.543:WARNING:pe_image_reader.cc(340)] could not read dos header from C:\Program Files\Google\Chrome\Application\86.0.4240.198\chrome.dll
[1120/155303.543:ERROR:process_memory_win.cc(73)] ReadMemory at 0x7fef53a0000 of 64 bytes failed: Only part of a ReadProcessMemory or WriteProcessMemory request was completed. (0x12B)
[1120/155303.543:WARNING:pe_image_reader.cc(340)] could not read dos header from C:\Windows\system32\dbghelp.dll
[1120/155303.543:ERROR:process_memory_win.cc(73)] ReadMemory at 0x7feff110000 of 64 bytes failed: Only part of a ReadProcessMemory or WriteProcessMemory request was completed. (0x12B)
[1120/155303.543:WARNING:pe_image_reader.cc(340)] could not read dos header from C:\Windows\system32\WS2_32.dll
[1120/155303.543:ERROR:process_memory_win.cc(73)] ReadMemory at 0x7fefd6e0000 of 64 bytes failed: Only part of a ReadProcessMemory or WriteProcessMemory request was completed. (0x12B)
[1120/155303.543:WARNING:pe_image_reader.cc(340)] could not read dos header from C:\Windows\system32\NSI.dll
[1120/155303.543:ERROR:process_memory_win.cc(73)] ReadMemory at 0x7fefa3a0000 of 64 bytes failed: Only part of a ReadProcessMemory or WriteProcessMemory request was completed. (0x12B)
[1120/155303.543:WARNING:pe_image_reader.cc(340)] could not read dos header from C:\Windows\system32\IPHLPAPI.DLL
[1120/155303.543:ERROR:process_memory_win.cc(73)] ReadMemory at 0x7fefa390000 of 64 bytes failed: Only part of a ReadProcessMemory or WriteProcessMemory request was completed. (0x12B)
[1120/155303.543:WARNING:pe_image_reader.cc(340)] could not read dos header from C:\Windows\system32\WINNSI.DLL
[1120/155303.544:ERROR:process_memory_win.cc(73)] ReadMemory at 0x7fefd600000 of 64 bytes failed: Only part of a ReadProcessMemory or WriteProcessMemory request was completed. (0x12B)
[1120/155303.544:WARNING:pe_image_reader.cc(340)] could not read dos header from C:\Windows\system32\OLEAUT32.dll
[1120/155303.544:ERROR:process_memory_win.cc(73)] ReadMemory at 0x7fefd8d0000 of 64 bytes failed: Only part of a ReadProcessMemory or WriteProcessMemory request was completed. (0x12B)
[1120/155303.544:WARNING:pe_image_reader.cc(340)] could not read dos header from C:\Windows\system32\ole32.dll
[1120/155303.544:ERROR:process_memory_win.cc(73)] ReadMemory at 0x7fefac80000 of 64 bytes failed: Only part of a ReadProcessMemory or WriteProcessMemory request was completed. (0x12B)
[1120/155303.544:WARNING:pe_image_reader.cc(340)] could not read dos header from C:\Windows\system32\WINMM.dll
[1120/155303.544:ERROR:process_memory_win.cc(73)] ReadMemory at 0x7fef2c20000 of 64 bytes failed: Only part of a ReadProcessMemory or WriteProcessMemory request was completed. (0x12B)
[1120/155303.544:WARNING:pe_image_reader.cc(340)] could not read dos header from C:\Windows\system32\UIAutomationCore.DLL
[1120/155303.544:ERROR:process_memory_win.cc(73)] ReadMemory at 0x77150000 of 64 bytes failed: Only part of a ReadProcessMemory or WriteProcessMemory request was completed. (0x12B)
[1120/155303.544:WARNING:pe_image_reader.cc(340)] could not read dos header from C:\Windows\system32\PSAPI.DLL
[1120/155303.544:ERROR:process_memory_win.cc(73)] ReadMemory at 0x7fef3580000 of 64 bytes failed: Only part of a ReadProcessMemory or WriteProcessMemory request was completed. (0x12B)
[1120/155303.544:WARNING:pe_image_reader.cc(340)] could not read dos header from C:\Windows\system32\OLEACC.dll
[1120/155303.544:ERROR:process_memory_win.cc(73)] ReadMemory at 0x7fefcd00000 of 64 bytes failed: Only part of a ReadProcessMemory or WriteProcessMemory request was completed. (0x12B)
[1120/155303.545:WARNING:pe_image_reader.cc(340)] could not read dos header from C:\Windows\system32\Secur32.dll
[1120/155303.545:ERROR:process_memory_win.cc(73)] ReadMemory at 0x7fefcd30000 of 64 bytes failed: Only part of a ReadProcessMemory or WriteProcessMemory request was completed. (0x12B)
[1120/155303.545:WARNING:pe_image_reader.cc(340)] could not read dos header from C:\Windows\system32\SSPICLI.DLL
[1120/155303.545:ERROR:process_memory_win.cc(73)] ReadMemory at 0x7fefc220000 of 64 bytes failed: Only part of a ReadProcessMemory or WriteProcessMemory request was completed. (0x12B)
[1120/155303.545:WARNING:pe_image_reader.cc(340)] could not read dos header from C:\Windows\system32\USERENV.dll
[1120/155303.545:ERROR:process_memory_win.cc(73)] ReadMemory at 0x7fefced0000 of 64 bytes failed: Only part of a ReadProcessMemory or WriteProcessMemory request was completed. (0x12B)
[1120/155303.545:WARNING:pe_image_reader.cc(340)] could not read dos header from C:\Windows\system32\profapi.dll
[1120/155303.545:ERROR:process_memory_win.cc(73)] ReadMemory at 0x7fefcfe0000 of 64 bytes failed: Only part of a ReadProcessMemory or WriteProcessMemory request was completed. (0x12B)
[1120/155303.545:WARNING:pe_image_reader.cc(340)] could not read dos header from C:\Windows\system32\WINTRUST.dll
[1120/155303.545:ERROR:process_memory_win.cc(73)] ReadMemory at 0x7fefd0c0000 of 64 bytes failed: Only part of a ReadProcessMemory or WriteProcessMemory request was completed. (0x12B)
[1120/155303.545:WARNING:pe_image_reader.cc(340)] could not read dos header from C:\Windows\system32\CRYPT32.dll
[1120/155303.545:ERROR:process_memory_win.cc(73)] ReadMemory at 0x7fefcf70000 of 64 bytes failed: Only part of a ReadProcessMemory or WriteProcessMemory request was completed. (0x12B)
[1120/155303.545:WARNING:pe_image_reader.cc(340)] could not read dos header from C:\Windows\system32\MSASN1.dll
[1120/155303.545:ERROR:process_memory_win.cc(73)] ReadMemory at 0x7fee9720000 of 64 bytes failed: Only part of a ReadProcessMemory or WriteProcessMemory request was completed. (0x12B)
[1120/155303.545:WARNING:pe_image_reader.cc(340)] could not read dos header from C:\Windows\system32\DWrite.dll
[1120/155303.546:ERROR:process_memory_win.cc(73)] ReadMemory at 0x7fef6a30000 of 64 bytes failed: Only part of a ReadProcessMemory or WriteProcessMemory request was completed. (0x12B)
[1120/155303.546:WARNING:pe_image_reader.cc(340)] could not read dos header from C:\Windows\system32\WINSPOOL.DRV
[1120/155303.546:ERROR:process_memory_win.cc(73)] ReadMemory at 0x7fef92e0000 of 64 bytes failed: Only part of a ReadProcessMemory or WriteProcessMemory request was completed. (0x12B)
[1120/155303.546:WARNING:pe_image_reader.cc(340)] could not read dos header from C:\Windows\system32\WINHTTP.dll
[1120/155303.546:ERROR:process_memory_win.cc(73)] ReadMemory at 0x7fef9270000 of 64 bytes failed: Only part of a ReadProcessMemory or WriteProcessMemory request was completed. (0x12B)
[1120/155303.546:WARNING:pe_image_reader.cc(340)] could not read dos header from C:\Windows\system32\webio.dll
[1120/155303.546:ERROR:process_memory_win.cc(73)] ReadMemory at 0x7fef9f40000 of 64 bytes failed: Only part of a ReadProcessMemory or WriteProcessMemory request was completed. (0x12B)
[1120/155303.546:WARNING:pe_image_reader.cc(340)] could not read dos header from C:\Windows\system32\dhcpcsvc.DLL
[1120/155303.546:ERROR:process_memory_win.cc(73)] ReadMemory at 0x7fefcdc0000 of 64 bytes failed: Only part of a ReadProcessMemory or WriteProcessMemory request was completed. (0x12B)
[1120/155303.546:WARNING:pe_image_reader.cc(340)] could not read dos header from C:\Windows\system32\cryptbase.dll
[1120/155303.546:ERROR:process_memory_win.cc(73)] ReadMemory at 0x7fefb7c0000 of 64 bytes failed: Only part of a ReadProcessMemory or WriteProcessMemory request was completed. (0x12B)
[1120/155303.546:WARNING:pe_image_reader.cc(340)] could not read dos header from C:\Windows\system32\uxtheme.dll
[1120/155303.885:ERROR:process_memory_win.cc(73)] ReadMemory at 0x13f3d0000 of 64 bytes failed: Only part of a ReadProcessMemory or WriteProcessMemory request was completed. (0x12B)
[1120/155303.885:WARNING:pe_image_reader.cc(340)] could not read dos header from C:\Program Files\Google\Chrome\Application\chrome.exe
[1120/155303.885:ERROR:process_memory_win.cc(73)] ReadMemory at 0x76f80000 of 64 bytes failed: Only part of a ReadProcessMemory or WriteProcessMemory request was completed. (0x12B)
[1120/155303.885:WARNING:pe_image_reader.cc(340)] could not read dos header from C:\Windows\SYSTEM32\ntdll.dll
[1120/155303.885:ERROR:process_memory_win.cc(73)] ReadMemory at 0x76e60000 of 64 bytes failed: Only part of a ReadProcessMemory or WriteProcessMemory request was completed. (0x12B)
[1120/155303.885:WARNING:pe_image_reader.cc(340)] could not read dos header from C:\Windows\system32\kernel32.dll
[1120/155303.885:ERROR:process_memory_win.cc(73)] ReadMemory at 0x7fefd230000 of 64 bytes failed: Only part of a ReadProcessMemory or WriteProcessMemory request was completed. (0x12B)
[1120/155303.885:WARNING:pe_image_reader.cc(340)] could not read dos header from C:\Windows\system32\KERNELBASE.dll
[1120/155303.885:ERROR:process_memory_win.cc(73)] ReadMemory at 0x7fef2ae0000 of 64 bytes failed: Only part of a ReadProcessMemory or WriteProcessMemory request was completed. (0x12B)
[1120/155303.885:WARNING:pe_image_reader.cc(340)] could not read dos header from C:\Program Files\Google\Chrome\Application\86.0.4240.198\chrome_elf.dll
[1120/155303.885:ERROR:process_memory_win.cc(73)] ReadMemory at 0x7fefc030000 of 64 bytes failed: Only part of a ReadProcessMemory or WriteProcessMemory request was completed. (0x12B)
[1120/155303.885:WARNING:pe_image_reader.cc(340)] could not read dos header from C:\Windows\system32\VERSION.dll
[1120/155303.886:ERROR:process_memory_win.cc(73)] ReadMemory at 0x7fefde40000 of 64 bytes failed: Only part of a ReadProcessMemory or WriteProcessMemory request was completed. (0x12B)
[1120/155303.886:WARNING:pe_image_reader.cc(340)] could not read dos header from C:\Windows\system32\msvcrt.dll
[1120/155303.886:ERROR:process_memory_win.cc(73)] ReadMemory at 0x7fefe100000 of 64 bytes failed: Only part of a ReadProcessMemory or WriteProcessMemory request was completed. (0x12B)
[1120/155303.886:WARNING:pe_image_reader.cc(340)] could not read dos header from C:\Windows\system32\SHELL32.dll
[1120/155303.886:ERROR:process_memory_win.cc(73)] ReadMemory at 0x7fefdee0000 of 64 bytes failed: Only part of a ReadProcessMemory or WriteProcessMemory request was completed. (0x12B)
[1120/155303.886:WARNING:pe_image_reader.cc(340)] could not read dos header from C:\Windows\system32\SHLWAPI.dll
[1120/155303.886:ERROR:process_memory_win.cc(73)] ReadMemory at 0x7fefefd0000 of 64 bytes failed: Only part of a ReadProcessMemory or WriteProcessMemory request was completed. (0x12B)
[1120/155303.886:WARNING:pe_image_reader.cc(340)] could not read dos header from C:\Windows\system32\GDI32.dll
[1120/155303.886:ERROR:process_memory_win.cc(73)] ReadMemory at 0x76d60000 of 64 bytes failed: Only part of a ReadProcessMemory or WriteProcessMemory request was completed. (0x12B)
[1120/155303.886:WARNING:pe_image_reader.cc(340)] could not read dos header from C:\Windows\system32\USER32.dll
[1120/155303.886:ERROR:process_memory_win.cc(73)] ReadMemory at 0x7fefee90000 of 64 bytes failed: Only part of a ReadProcessMemory or WriteProcessMemory request was completed. (0x12B)
[1120/155303.886:WARNING:pe_image_reader.cc(340)] could not read dos header from C:\Windows\system32\LPK.dll
[1120/155303.887:ERROR:process_memory_win.cc(73)] ReadMemory at 0x7fefdd70000 of 64 bytes failed: Only part of a ReadProcessMemory or WriteProcessMemory request was completed. (0x12B)
[1120/155303.887:WARNING:pe_image_reader.cc(340)] could not read dos header from C:\Windows\system32\USP10.dll
[1120/155303.887:ERROR:process_memory_win.cc(73)] ReadMemory at 0x7feff0e0000 of 64 bytes failed: Only part of a ReadProcessMemory or WriteProcessMemory request was completed. (0x12B)
[1120/155303.887:WARNING:pe_image_reader.cc(340)] could not read dos header from C:\Windows\system32\IMM32.DLL
[1120/155303.887:ERROR:process_memory_win.cc(73)] ReadMemory at 0x7fefdbe0000 of 64 bytes failed: Only part of a ReadProcessMemory or WriteProcessMemory request was completed. (0x12B)
[1120/155303.887:WARNING:pe_image_reader.cc(340)] could not read dos header from C:\Windows\system32\MSCTF.dll
[1120/155303.887:ERROR:process_memory_win.cc(73)] ReadMemory at 0x7fefdb00000 of 64 bytes failed: Only part of a ReadProcessMemory or WriteProcessMemory request was completed. (0x12B)
[1120/155303.887:WARNING:pe_image_reader.cc(340)] could not read dos header from C:\Windows\system32\ADVAPI32.dll
[1120/155303.887:ERROR:process_memory_win.cc(73)] ReadMemory at 0x7fefdae0000 of 64 bytes failed: Only part of a ReadProcessMemory or WriteProcessMemory request was completed. (0x12B)
[1120/155303.887:WARNING:pe_image_reader.cc(340)] could not read dos header from C:\Windows\SYSTEM32\sechost.dll
[1120/155303.887:ERROR:process_memory_win.cc(73)] ReadMemory at 0x7feff160000 of 64 bytes failed: Only part of a ReadProcessMemory or WriteProcessMemory request was completed. (0x12B)
[1120/155303.887:WARNING:pe_image_reader.cc(340)] could not read dos header from C:\Windows\system32\RPCRT4.dll
[1120/155303.887:ERROR:process_memory_win.cc(73)] ReadMemory at 0x7fee98a0000 of 64 bytes failed: Only part of a ReadProcessMemory or WriteProcessMemory request was completed. (0x12B)
[1120/155303.887:WARNING:pe_image_reader.cc(340)] could not read dos header from C:\Program Files\Google\Chrome\Application\86.0.4240.198\chrome.dll
[1120/155303.887:ERROR:process_memory_win.cc(73)] ReadMemory at 0x7fef53a0000 of 64 bytes failed: Only part of a ReadProcessMemory or WriteProcessMemory request was completed. (0x12B)
[1120/155303.888:WARNING:pe_image_reader.cc(340)] could not read dos header from C:\Windows\system32\dbghelp.dll
[1120/155303.888:ERROR:process_memory_win.cc(73)] ReadMemory at 0x7feff110000 of 64 bytes failed: Only part of a ReadProcessMemory or WriteProcessMemory request was completed. (0x12B)
[1120/155303.888:WARNING:pe_image_reader.cc(340)] could not read dos header from C:\Windows\system32\WS2_32.dll
[1120/155303.888:ERROR:process_memory_win.cc(73)] ReadMemory at 0x7fefd6e0000 of 64 bytes failed: Only part of a ReadProcessMemory or WriteProcessMemory request was completed. (0x12B)
[1120/155303.888:WARNING:pe_image_reader.cc(340)] could not read dos header from C:\Windows\system32\NSI.dll
[1120/155303.888:ERROR:process_memory_win.cc(73)] ReadMemory at 0x7fefa3a0000 of 64 bytes failed: Only part of a ReadProcessMemory or WriteProcessMemory request was completed. (0x12B)
[1120/155303.888:WARNING:pe_image_reader.cc(340)] could not read dos header from C:\Windows\system32\IPHLPAPI.DLL
[1120/155303.888:ERROR:process_memory_win.cc(73)] ReadMemory at 0x7fefa390000 of 64 bytes failed: Only part of a ReadProcessMemory or WriteProcessMemory request was completed. (0x12B)
[1120/155303.888:WARNING:pe_image_reader.cc(340)] could not read dos header from C:\Windows\system32\WINNSI.DLL
[1120/155303.888:ERROR:process_memory_win.cc(73)] ReadMemory at 0x7fefd600000 of 64 bytes failed: Only part of a ReadProcessMemory or WriteProcessMemory request was completed. (0x12B)
[1120/155303.888:WARNING:pe_image_reader.cc(340)] could not read dos header from C:\Windows\system32\OLEAUT32.dll
[1120/155303.888:ERROR:process_memory_win.cc(73)] ReadMemory at 0x7fefd8d0000 of 64 bytes failed: Only part of a ReadProcessMemory or WriteProcessMemory request was completed. (0x12B)
[1120/155303.888:WARNING:pe_image_reader.cc(340)] could not read dos header from C:\Windows\system32\ole32.dll
[1120/155303.888:ERROR:process_memory_win.cc(73)] ReadMemory at 0x7fefac80000 of 64 bytes failed: Only part of a ReadProcessMemory or WriteProcessMemory request was completed. (0x12B)
[1120/155303.889:WARNING:pe_image_reader.cc(340)] could not read dos header from C:\Windows\system32\WINMM.dll
[1120/155303.889:ERROR:process_memory_win.cc(73)] ReadMemory at 0x7fef2c20000 of 64 bytes failed: Only part of a ReadProcessMemory or WriteProcessMemory request was completed. (0x12B)
[1120/155303.889:WARNING:pe_image_reader.cc(340)] could not read dos header from C:\Windows\system32\UIAutomationCore.DLL
[1120/155303.889:ERROR:process_memory_win.cc(73)] ReadMemory at 0x77150000 of 64 bytes failed: Only part of a ReadProcessMemory or WriteProcessMemory request was completed. (0x12B)
[1120/155303.889:WARNING:pe_image_reader.cc(340)] could not read dos header from C:\Windows\system32\PSAPI.DLL
[1120/155303.889:ERROR:process_memory_win.cc(73)] ReadMemory at 0x7fef3580000 of 64 bytes failed: Only part of a ReadProcessMemory or WriteProcessMemory request was completed. (0x12B)
[1120/155303.889:WARNING:pe_image_reader.cc(340)] could not read dos header from C:\Windows\system32\OLEACC.dll
[1120/155303.889:ERROR:process_memory_win.cc(73)] ReadMemory at 0x7fefcd00000 of 64 bytes failed: Only part of a ReadProcessMemory or WriteProcessMemory request was completed. (0x12B)
[1120/155303.889:WARNING:pe_image_reader.cc(340)] could not read dos header from C:\Windows\system32\Secur32.dll
[1120/155303.889:ERROR:process_memory_win.cc(73)] ReadMemory at 0x7fefcd30000 of 64 bytes failed: Only part of a ReadProcessMemory or WriteProcessMemory request was completed. (0x12B)
[1120/155303.889:WARNING:pe_image_reader.cc(340)] could not read dos header from C:\Windows\system32\SSPICLI.DLL
[1120/155303.889:ERROR:process_memory_win.cc(73)] ReadMemory at 0x7fefc220000 of 64 bytes failed: Only part of a ReadProcessMemory or WriteProcessMemory request was completed. (0x12B)
[1120/155303.890:WARNING:pe_image_reader.cc(340)] could not read dos header from C:\Windows\system32\USERENV.dll
[1120/155303.890:ERROR:process_memory_win.cc(73)] ReadMemory at 0x7fefced0000 of 64 bytes failed: Only part of a ReadProcessMemory or WriteProcessMemory request was completed. (0x12B)
[1120/155303.890:WARNING:pe_image_reader.cc(340)] could not read dos header from C:\Windows\system32\profapi.dll
[1120/155303.890:ERROR:process_memory_win.cc(73)] ReadMemory at 0x7fefcfe0000 of 64 bytes failed: Only part of a ReadProcessMemory or WriteProcessMemory request was completed. (0x12B)
[1120/155303.890:WARNING:pe_image_reader.cc(340)] could not read dos header from C:\Windows\system32\WINTRUST.dll
[1120/155303.890:ERROR:process_memory_win.cc(73)] ReadMemory at 0x7fefd0c0000 of 64 bytes failed: Only part of a ReadProcessMemory or WriteProcessMemory request was completed. (0x12B)
[1120/155303.890:WARNING:pe_image_reader.cc(340)] could not read dos header from C:\Windows\system32\CRYPT32.dll
[1120/155303.890:ERROR:process_memory_win.cc(73)] ReadMemory at 0x7fefcf70000 of 64 bytes failed: Only part of a ReadProcessMemory or WriteProcessMemory request was completed. (0x12B)
[1120/155303.890:WARNING:pe_image_reader.cc(340)] could not read dos header from C:\Windows\system32\MSASN1.dll
[1120/155303.890:ERROR:process_memory_win.cc(73)] ReadMemory at 0x7fee9720000 of 64 bytes failed: Only part of a ReadProcessMemory or WriteProcessMemory request was completed. (0x12B)
[1120/155303.890:WARNING:pe_image_reader.cc(340)] could not read dos header from C:\Windows\system32\DWrite.dll
[1120/155303.890:ERROR:process_memory_win.cc(73)] ReadMemory at 0x7fef6a30000 of 64 bytes failed: Only part of a ReadProcessMemory or WriteProcessMemory request was completed. (0x12B)
[1120/155303.890:WARNING:pe_image_reader.cc(340)] could not read dos header from C:\Windows\system32\WINSPOOL.DRV
[1120/155303.890:ERROR:process_memory_win.cc(73)] ReadMemory at 0x7fef92e0000 of 64 bytes failed: Only part of a ReadProcessMemory or WriteProcessMemory request was completed. (0x12B)
[1120/155303.891:WARNING:pe_image_reader.cc(340)] could not read dos header from C:\Windows\system32\WINHTTP.dll
[1120/155303.891:ERROR:process_memory_win.cc(73)] ReadMemory at 0x7fef9270000 of 64 bytes failed: Only part of a ReadProcessMemory or WriteProcessMemory request was completed. (0x12B)
[1120/155303.891:WARNING:pe_image_reader.cc(340)] could not read dos header from C:\Windows\system32\webio.dll
[1120/155303.891:ERROR:process_memory_win.cc(73)] ReadMemory at 0x7fef9f40000 of 64 bytes failed: Only part of a ReadProcessMemory or WriteProcessMemory request was completed. (0x12B)
[1120/155303.891:WARNING:pe_image_reader.cc(340)] could not read dos header from C:\Windows\system32\dhcpcsvc.DLL
[1120/155303.891:ERROR:process_memory_win.cc(73)] ReadMemory at 0x7fefcdc0000 of 64 bytes failed: Only part of a ReadProcessMemory or WriteProcessMemory request was completed. (0x12B)
[1120/155303.891:WARNING:pe_image_reader.cc(340)] could not read dos header from C:\Windows\system32\cryptbase.dll
[1120/155303.891:ERROR:process_memory_win.cc(73)] ReadMemory at 0x7fefb7c0000 of 64 bytes failed: Only part of a ReadProcessMemory or WriteProcessMemory request was completed. (0x12B)
[1120/155303.891:WARNING:pe_image_reader.cc(340)] could not read dos header from C:\Windows\system32\uxtheme.dll
[1120/155303.891:ERROR:process_memory_win.cc(73)] ReadMemory at 0x13f3d0000 of 64 bytes failed: Only part of a ReadProcessMemory or WriteProcessMemory request was completed. (0x12B)
[1120/155303.891:WARNING:pe_image_reader.cc(340)] could not read dos header from C:\Program Files\Google\Chrome\Application\chrome.exe
[1120/155303.891:ERROR:process_memory_win.cc(73)] ReadMemory at 0x76f80000 of 64 bytes failed: Only part of a ReadProcessMemory or WriteProcessMemory request was completed. (0x12B)
[1120/155303.891:WARNING:pe_image_reader.cc(340)] could not read dos header from C:\Windows\SYSTEM32\ntdll.dll
[1120/155303.891:ERROR:process_memory_win.cc(73)] ReadMemory at 0x76e60000 of 64 bytes failed: Only part of a ReadProcessMemory or WriteProcessMemory request was completed. (0x12B)
[1120/155303.891:WARNING:pe_image_reader.cc(340)] could not read dos header from C:\Windows\system32\kernel32.dll
[1120/155303.892:ERROR:process_memory_win.cc(73)] ReadMemory at 0x7fefd230000 of 64 bytes failed: Only part of a ReadProcessMemory or WriteProcessMemory request was completed. (0x12B)
[1120/155303.892:WARNING:pe_image_reader.cc(340)] could not read dos header from C:\Windows\system32\KERNELBASE.dll
[1120/155303.892:ERROR:process_memory_win.cc(73)] ReadMemory at 0x7fef2ae0000 of 64 bytes failed: Only part of a ReadProcessMemory or WriteProcessMemory request was completed. (0x12B)
[1120/155303.892:WARNING:pe_image_reader.cc(340)] could not read dos header from C:\Program Files\Google\Chrome\Application\86.0.4240.198\chrome_elf.dll
[1120/155303.892:ERROR:process_memory_win.cc(73)] ReadMemory at 0x7fefc030000 of 64 bytes failed: Only part of a ReadProcessMemory or WriteProcessMemory request was completed. (0x12B)
[1120/155303.892:WARNING:pe_image_reader.cc(340)] could not read dos header from C:\Windows\system32\VERSION.dll
[1120/155303.892:ERROR:process_memory_win.cc(73)] ReadMemory at 0x7fefde40000 of 64 bytes failed: Only part of a ReadProcessMemory or WriteProcessMemory request was completed. (0x12B)
[1120/155303.892:WARNING:pe_image_reader.cc(340)] could not read dos header from C:\Windows\system32\msvcrt.dll
[1120/155303.892:ERROR:process_memory_win.cc(73)] ReadMemory at 0x7fefe100000 of 64 bytes failed: Only part of a ReadProcessMemory or WriteProcessMemory request was completed. (0x12B)
[1120/155303.892:WARNING:pe_image_reader.cc(340)] could not read dos header from C:\Windows\system32\SHELL32.dll
[1120/155303.892:ERROR:process_memory_win.cc(73)] ReadMemory at 0x7fefdee0000 of 64 bytes failed: Only part of a ReadProcessMemory or WriteProcessMemory request was completed. (0x12B)
[1120/155303.892:WARNING:pe_image_reader.cc(340)] could not read dos header from C:\Windows\system32\SHLWAPI.dll
[1120/155303.893:ERROR:process_memory_win.cc(73)] ReadMemory at 0x7fefefd0000 of 64 bytes failed: Only part of a ReadProcessMemory or WriteProcessMemory request was completed. (0x12B)
[1120/155303.893:WARNING:pe_image_reader.cc(340)] could not read dos header from C:\Windows\system32\GDI32.dll
[1120/155303.893:ERROR:process_memory_win.cc(73)] ReadMemory at 0x76d60000 of 64 bytes failed: Only part of a ReadProcessMemory or WriteProcessMemory request was completed. (0x12B)
[1120/155303.893:WARNING:pe_image_reader.cc(340)] could not read dos header from C:\Windows\system32\USER32.dll
[1120/155303.893:ERROR:process_memory_win.cc(73)] ReadMemory at 0x7fefee90000 of 64 bytes failed: Only part of a ReadProcessMemory or WriteProcessMemory request was completed. (0x12B)
[1120/155303.893:WARNING:pe_image_reader.cc(340)] could not read dos header from C:\Windows\system32\LPK.dll
[1120/155303.893:ERROR:process_memory_win.cc(73)] ReadMemory at 0x7fefdd70000 of 64 bytes failed: Only part of a ReadProcessMemory or WriteProcessMemory request was completed. (0x12B)
[1120/155303.893:WARNING:pe_image_reader.cc(340)] could not read dos header from C:\Windows\system32\USP10.dll
[1120/155303.893:ERROR:process_memory_win.cc(73)] ReadMemory at 0x7feff0e0000 of 64 bytes failed: Only part of a ReadProcessMemory or WriteProcessMemory request was completed. (0x12B)
[1120/155303.893:WARNING:pe_image_reader.cc(340)] could not read dos header from C:\Windows\system32\IMM32.DLL
[1120/155303.893:ERROR:process_memory_win.cc(73)] ReadMemory at 0x7fefdbe0000 of 64 bytes failed: Only part of a ReadProcessMemory or WriteProcessMemory request was completed. (0x12B)
[1120/155303.893:WARNING:pe_image_reader.cc(340)] could not read dos header from C:\Windows\system32\MSCTF.dll
[1120/155303.893:ERROR:process_memory_win.cc(73)] ReadMemory at 0x7fefdb00000 of 64 bytes failed: Only part of a ReadProcessMemory or WriteProcessMemory request was completed. (0x12B)
[1120/155303.894:WARNING:pe_image_reader.cc(340)] could not read dos header from C:\Windows\system32\ADVAPI32.dll
[1120/155303.894:ERROR:process_memory_win.cc(73)] ReadMemory at 0x7fefdae0000 of 64 bytes failed: Only part of a ReadProcessMemory or WriteProcessMemory request was completed. (0x12B)
[1120/155303.894:WARNING:pe_image_reader.cc(340)] could not read dos header from C:\Windows\SYSTEM32\sechost.dll
[1120/155303.894:ERROR:process_memory_win.cc(73)] ReadMemory at 0x7feff160000 of 64 bytes failed: Only part of a ReadProcessMemory or WriteProcessMemory request was completed. (0x12B)
[1120/155303.894:WARNING:pe_image_reader.cc(340)] could not read dos header from C:\Windows\system32\RPCRT4.dll
[1120/155303.894:ERROR:process_memory_win.cc(73)] ReadMemory at 0x7fee98a0000 of 64 bytes failed: Only part of a ReadProcessMemory or WriteProcessMemory request was completed. (0x12B)
[1120/155303.894:WARNING:pe_image_reader.cc(340)] could not read dos header from C:\Program Files\Google\Chrome\Application\86.0.4240.198\chrome.dll
[1120/155303.896:ERROR:process_memory_win.cc(73)] ReadMemory at 0x7fef53a0000 of 64 bytes failed: Only part of a ReadProcessMemory or WriteProcessMemory request was completed. (0x12B)
[1120/155303.896:WARNING:pe_image_reader.cc(340)] could not read dos header from C:\Windows\system32\dbghelp.dll
[1120/155303.896:ERROR:process_memory_win.cc(73)] ReadMemory at 0x7feff110000 of 64 bytes failed: Only part of a ReadProcessMemory or WriteProcessMemory request was completed. (0x12B)
[1120/155303.896:WARNING:pe_image_reader.cc(340)] could not read dos header from C:\Windows\system32\WS2_32.dll
[1120/155303.896:ERROR:process_memory_win.cc(73)] ReadMemory at 0x7fefd6e0000 of 64 bytes failed: Only part of a ReadProcessMemory or WriteProcessMemory request was completed. (0x12B)
[1120/155303.896:WARNING:pe_image_reader.cc(340)] could not read dos header from C:\Windows\system32\NSI.dll
[1120/155303.896:ERROR:process_memory_win.cc(73)] ReadMemory at 0x7fefa3a0000 of 64 bytes failed: Only part of a ReadProcessMemory or WriteProcessMemory request was completed. (0x12B)
[1120/155303.897:WARNING:pe_image_reader.cc(340)] could not read dos header from C:\Windows\system32\IPHLPAPI.DLL
[1120/155303.897:ERROR:process_memory_win.cc(73)] ReadMemory at 0x7fefa390000 of 64 bytes failed: Only part of a ReadProcessMemory or WriteProcessMemory request was completed. (0x12B)
[1120/155303.897:WARNING:pe_image_reader.cc(340)] could not read dos header from C:\Windows\system32\WINNSI.DLL
[1120/155303.897:ERROR:process_memory_win.cc(73)] ReadMemory at 0x7fefd600000 of 64 bytes failed: Only part of a ReadProcessMemory or WriteProcessMemory request was completed. (0x12B)
[1120/155303.897:WARNING:pe_image_reader.cc(340)] could not read dos header from C:\Windows\system32\OLEAUT32.dll
[1120/155303.897:ERROR:process_memory_win.cc(73)] ReadMemory at 0x7fefd8d0000 of 64 bytes failed: Only part of a ReadProcessMemory or WriteProcessMemory request was completed. (0x12B)
[1120/155303.897:WARNING:pe_image_reader.cc(340)] could not read dos header from C:\Windows\system32\ole32.dll
[1120/155303.897:ERROR:process_memory_win.cc(73)] ReadMemory at 0x7fefac80000 of 64 bytes failed: Only part of a ReadProcessMemory or WriteProcessMemory request was completed. (0x12B)
[1120/155303.897:WARNING:pe_image_reader.cc(340)] could not read dos header from C:\Windows\system32\WINMM.dll
[1120/155303.897:ERROR:process_memory_win.cc(73)] ReadMemory at 0x7fef2c20000 of 64 bytes failed: Only part of a ReadProcessMemory or WriteProcessMemory request was completed. (0x12B)
[1120/155303.897:WARNING:pe_image_reader.cc(340)] could not read dos header from C:\Windows\system32\UIAutomationCore.DLL
[1120/155303.897:ERROR:process_memory_win.cc(73)] ReadMemory at 0x77150000 of 64 bytes failed: Only part of a ReadProcessMemory or WriteProcessMemory request was completed. (0x12B)
[1120/155303.897:WARNING:pe_image_reader.cc(340)] could not read dos header from C:\Windows\system32\PSAPI.DLL
[1120/155303.897:ERROR:process_memory_win.cc(73)] ReadMemory at 0x7fef3580000 of 64 bytes failed: Only part of a ReadProcessMemory or WriteProcessMemory request was completed. (0x12B)
[1120/155303.897:WARNING:pe_image_reader.cc(340)] could not read dos header from C:\Windows\system32\OLEACC.dll
[1120/155303.898:ERROR:process_memory_win.cc(73)] ReadMemory at 0x7fefcd00000 of 64 bytes failed: Only part of a ReadProcessMemory or WriteProcessMemory request was completed. (0x12B)
[1120/155303.898:WARNING:pe_image_reader.cc(340)] could not read dos header from C:\Windows\system32\Secur32.dll
[1120/155303.898:ERROR:process_memory_win.cc(73)] ReadMemory at 0x7fefcd30000 of 64 bytes failed: Only part of a ReadProcessMemory or WriteProcessMemory request was completed. (0x12B)
[1120/155303.898:WARNING:pe_image_reader.cc(340)] could not read dos header from C:\Windows\system32\SSPICLI.DLL
[1120/155303.898:ERROR:process_memory_win.cc(73)] ReadMemory at 0x7fefc220000 of 64 bytes failed: Only part of a ReadProcessMemory or WriteProcessMemory request was completed. (0x12B)
[1120/155303.898:WARNING:pe_image_reader.cc(340)] could not read dos header from C:\Windows\system32\USERENV.dll
[1120/155303.898:ERROR:process_memory_win.cc(73)] ReadMemory at 0x7fefced0000 of 64 bytes failed: Only part of a ReadProcessMemory or WriteProcessMemory request was completed. (0x12B)
[1120/155303.898:WARNING:pe_image_reader.cc(340)] could not read dos header from C:\Windows\system32\profapi.dll
[1120/155303.898:ERROR:process_memory_win.cc(73)] ReadMemory at 0x7fefcfe0000 of 64 bytes failed: Only part of a ReadProcessMemory or WriteProcessMemory request was completed. (0x12B)
[1120/155303.898:WARNING:pe_image_reader.cc(340)] could not read dos header from C:\Windows\system32\WINTRUST.dll
[1120/155303.898:ERROR:process_memory_win.cc(73)] ReadMemory at 0x7fefd0c0000 of 64 bytes failed: Only part of a ReadProcessMemory or WriteProcessMemory request was completed. (0x12B)
[1120/155303.898:WARNING:pe_image_reader.cc(340)] could not read dos header from C:\Windows\system32\CRYPT32.dll
[1120/155303.898:ERROR:process_memory_win.cc(73)] ReadMemory at 0x7fefcf70000 of 64 bytes failed: Only part of a ReadProcessMemory or WriteProcessMemory request was completed. (0x12B)
[1120/155303.898:WARNING:pe_image_reader.cc(340)] could not read dos header from C:\Windows\system32\MSASN1.dll
[1120/155303.899:ERROR:process_memory_win.cc(73)] ReadMemory at 0x7fee9720000 of 64 bytes failed: Only part of a ReadProcessMemory or WriteProcessMemory request was completed. (0x12B)
[1120/155303.899:WARNING:pe_image_reader.cc(340)] could not read dos header from C:\Windows\system32\DWrite.dll
[1120/155303.899:ERROR:process_memory_win.cc(73)] ReadMemory at 0x7fef6a30000 of 64 bytes failed: Only part of a ReadProcessMemory or WriteProcessMemory request was completed. (0x12B)
[1120/155303.899:WARNING:pe_image_reader.cc(340)] could not read dos header from C:\Windows\system32\WINSPOOL.DRV
[1120/155303.899:ERROR:process_memory_win.cc(73)] ReadMemory at 0x7fef92e0000 of 64 bytes failed: Only part of a ReadProcessMemory or WriteProcessMemory request was completed. (0x12B)
[1120/155303.899:WARNING:pe_image_reader.cc(340)] could not read dos header from C:\Windows\system32\WINHTTP.dll
[1120/155303.899:ERROR:process_memory_win.cc(73)] ReadMemory at 0x7fef9270000 of 64 bytes failed: Only part of a ReadProcessMemory or WriteProcessMemory request was completed. (0x12B)
[1120/155303.899:WARNING:pe_image_reader.cc(340)] could not read dos header from C:\Windows\system32\webio.dll
[1120/155303.899:ERROR:process_memory_win.cc(73)] ReadMemory at 0x7fef9f40000 of 64 bytes failed: Only part of a ReadProcessMemory or WriteProcessMemory request was completed. (0x12B)
[1120/155303.899:WARNING:pe_image_reader.cc(340)] could not read dos header from C:\Windows\system32\dhcpcsvc.DLL
[1120/155303.899:ERROR:process_memory_win.cc(73)] ReadMemory at 0x7fefcdc0000 of 64 bytes failed: Only part of a ReadProcessMemory or WriteProcessMemory request was completed. (0x12B)
[1120/155303.899:WARNING:pe_image_reader.cc(340)] could not read dos header from C:\Windows\system32\cryptbase.dll
[1120/155303.899:ERROR:process_memory_win.cc(73)] ReadMemory at 0x7fefb7c0000 of 64 bytes failed: Only part of a ReadProcessMemory or WriteProcessMemory request was completed. (0x12B)
[1120/155303.899:WARNING:pe_image_reader.cc(340)] could not read dos header from C:\Windows\system32\uxtheme.dll
[1120/155303.954:ERROR:process_memory_win.cc(73)] ReadMemory at 0x873000 of 118784 bytes failed: Only part of a ReadProcessMemory or WriteProcessMemory request was completed. (0x12B)
[1120/155303.989:ERROR:process_memory_win.cc(73)] ReadMemory at 0x360e000 of 8192 bytes failed: Only part of a ReadProcessMemory or WriteProcessMemory request was completed. (0x12B)
[1120/155303.989:ERROR:process_memory_win.cc(73)] ReadMemory at 0x487d000 of 12288 bytes failed: Only part of a ReadProcessMemory or WriteProcessMemory request was completed. (0x12B)
[1120/155303.990:ERROR:process_memory_win.cc(73)] ReadMemory at 0x51cd000 of 12288 bytes failed: Only part of a ReadProcessMemory or WriteProcessMemory request was completed. (0x12B)
[1120/155303.990:ERROR:process_memory_win.cc(73)] ReadMemory at 0x59df000 of 4096 bytes failed: Only part of a ReadProcessMemory or WriteProcessMemory request was completed. (0x12B)
[1120/155304.010:ERROR:process_memory_win.cc(73)] ReadMemory at 0x62ae000 of 8192 bytes failed: Only part of a ReadProcessMemory or WriteProcessMemory request was completed. (0x12B)
[1120/155304.010:ERROR:process_memory_win.cc(73)] ReadMemory at 0x764d000 of 12288 bytes failed: Only part of a ReadProcessMemory or WriteProcessMemory request was completed. (0x12B)
[1120/155304.010:ERROR:process_memory_win.cc(73)] ReadMemory at 0x7eec000 of 16384 bytes failed: Only part of a ReadProcessMemory or WriteProcessMemory request was completed. (0x12B)
[1120/155304.010:ERROR:process_memory_win.cc(73)] ReadMemory at 0x879e000 of 8192 bytes failed: Only part of a ReadProcessMemory or WriteProcessMemory request was completed. (0x12B)
[1120/155304.010:ERROR:process_memory_win.cc(73)] ReadMemory at 0x92da000 of 24576 bytes failed: Only part of a ReadProcessMemory or WriteProcessMemory request was completed. (0x12B)
[1120/155304.010:ERROR:process_memory_win.cc(73)] ReadMemory at 0x9b6a000 of 24576 bytes failed: Only part of a ReadProcessMemory or WriteProcessMemory request was completed. (0x12B)
[1120/155304.010:ERROR:process_memory_win.cc(73)] ReadMemory at 0x12ecd000 of 12288 bytes failed: Only part of a ReadProcessMemory or WriteProcessMemory request was completed. (0x12B)
[1120/155304.010:ERROR:process_memory_win.cc(73)] ReadMemory at 0x1383e000 of 8192 bytes failed: Only part of a ReadProcessMemory or WriteProcessMemory request was completed. (0x12B)
[1120/155304.010:ERROR:process_memory_win.cc(73)] ReadMemory at 0xcb9c000 of 16384 bytes failed: Only part of a ReadProcessMemory or WriteProcessMemory request was completed. (0x12B)
[1120/155304.010:ERROR:process_memory_win.cc(73)] ReadMemory at 0xae8e000 of 8192 bytes failed: Only part of a ReadProcessMemory or WriteProcessMemory request was completed. (0x12B)
[1120/155304.010:ERROR:process_memory_win.cc(73)] ReadMemory at 0x140ee000 of 8192 bytes failed: Only part of a ReadProcessMemory or WriteProcessMemory request was completed. (0x12B)
[1120/155304.010:ERROR:process_memory_win.cc(73)] ReadMemory at 0x95ff80 of 512 bytes failed: Only part of a ReadProcessMemory or WriteProcessMemory request was completed. (0x12B)
[1120/155304.056:ERROR:process_memory_win.cc(73)] ReadMemory at 0x961320 of 2934 bytes failed: Only part of a ReadProcessMemory or WriteProcessMemory request was completed. (0x12B)
[1120/155304.057:ERROR:process_memory_win.cc(73)] ReadMemory at 0x961ea0 of 1012 bytes failed: Only part of a ReadProcessMemory or WriteProcessMemory request was completed. (0x12B)
[1120/155304.057:ERROR:process_memory_win.cc(73)] ReadMemory at 0x9624a8 of 474 bytes failed: Only part of a ReadProcessMemory or WriteProcessMemory request was completed. (0x12B)
[1120/155304.057:ERROR:process_memory_win.cc(73)] ReadMemory at 0x962684 of 106 bytes failed: Only part of a ReadProcessMemory or WriteProcessMemory request was completed. (0x12B)
[1120/155304.090:ERROR:process_memory_win.cc(73)] ReadMemory at 0x9626f0 of 626 bytes failed: Only part of a ReadProcessMemory or WriteProcessMemory request was completed. (0x12B)
[1120/155304.091:ERROR:process_memory_win.cc(73)] ReadMemory at 0x962964 of 106 bytes failed: Only part of a ReadProcessMemory or WriteProcessMemory request was completed. (0x12B)
[1120/155304.091:ERROR:process_memory_win.cc(73)] ReadMemory at 0x9629d0 of 94 bytes failed: Only part of a ReadProcessMemory or WriteProcessMemory request was completed. (0x12B)
[1120/155304.091:ERROR:process_memory_win.cc(73)] ReadMemory at 0x962a40 of 58 bytes failed: Only part of a ReadProcessMemory or WriteProcessMemory request was completed. (0x12B)
[1120/155304.132:ERROR:process_memory_win.cc(73)] ReadMemory at 0x962ad0 of 132 bytes failed: Only part of a ReadProcessMemory or WriteProcessMemory request was completed. (0x12B)
[1120/155304.132:ERROR:process_memory_win.cc(73)] ReadMemory at 0x962bc0 of 132 bytes failed: Only part of a ReadProcessMemory or WriteProcessMemory request was completed. (0x12B)
[1120/155304.132:ERROR:process_memory_win.cc(73)] ReadMemory at 0x962cd8 of 114 bytes failed: Only part of a ReadProcessMemory or WriteProcessMemory request was completed. (0x12B)
[1120/155304.133:ERROR:process_memory_win.cc(73)] ReadMemory at 0x9630e0 of 64 bytes failed: Only part of a ReadProcessMemory or WriteProcessMemory request was completed. (0x12B)
[1120/155304.133:ERROR:process_memory_win.cc(73)] ReadMemory at 0x963130 of 132 bytes failed: Only part of a ReadProcessMemory or WriteProcessMemory request was completed. (0x12B)
[1120/155304.133:ERROR:process_memory_win.cc(73)] ReadMemory at 0x963250 of 68 bytes failed: Only part of a ReadProcessMemory or WriteProcessMemory request was completed. (0x12B)
[1120/155304.133:ERROR:process_memory_win.cc(73)] ReadMemory at 0x9632a0 of 132 bytes failed: Only part of a ReadProcessMemory or WriteProcessMemory request was completed. (0x12B)
[1120/155304.133:ERROR:process_memory_win.cc(73)] ReadMemory at 0x964400 of 142 bytes failed: Only part of a ReadProcessMemory or WriteProcessMemory request was completed. (0x12B)
[1120/155304.133:ERROR:process_memory_win.cc(73)] ReadMemory at 0x9644a0 of 132 bytes failed: Only part of a ReadProcessMemory or WriteProcessMemory request was completed. (0x12B)
[1120/155304.133:ERROR:process_memory_win.cc(73)] ReadMemory at 0x964c20 of 60 bytes failed: Only part of a ReadProcessMemory or WriteProcessMemory request was completed. (0x12B)
[1120/155304.133:ERROR:process_memory_win.cc(73)] ReadMemory at 0x964c70 of 132 bytes failed: Only part of a ReadProcessMemory or WriteProcessMemory request was completed. (0x12B)
[1120/155304.134:ERROR:process_memory_win.cc(73)] ReadMemory at 0x964ea0 of 62 bytes failed: Only part of a ReadProcessMemory or WriteProcessMemory request was completed. (0x12B)
[1120/155304.134:ERROR:process_memory_win.cc(73)] ReadMemory at 0x964ef0 of 132 bytes failed: Only part of a ReadProcessMemory or WriteProcessMemory request was completed. (0x12B)
[1120/155304.134:ERROR:process_memory_win.cc(73)] ReadMemory at 0x97bde0 of 512 bytes failed: Only part of a ReadProcessMemory or WriteProcessMemory request was completed. (0x12B)
[1120/155304.134:ERROR:process_memory_win.cc(73)] ReadMemory at 0x97cc00 of 62 bytes failed: Only part of a ReadProcessMemory or WriteProcessMemory request was completed. (0x12B)
[1120/155304.134:ERROR:process_memory_win.cc(73)] ReadMemory at 0x97cc50 of 62 bytes failed: Only part of a ReadProcessMemory or WriteProcessMemory request was completed. (0x12B)
[1120/155304.134:ERROR:process_memory_win.cc(73)] ReadMemory at 0x97cca0 of 58 bytes failed: Only part of a ReadProcessMemory or WriteProcessMemory request was completed. (0x12B)
[1120/155304.134:ERROR:process_memory_win.cc(73)] ReadMemory at 0x97ccf0 of 60 bytes failed: Only part of a ReadProcessMemory or WriteProcessMemory request was completed. (0x12B)
[1120/155304.134:ERROR:process_memory_win.cc(73)] ReadMemory at 0x97cd40 of 58 bytes failed: Only part of a ReadProcessMemory or WriteProcessMemory request was completed. (0x12B)
[1120/155304.135:ERROR:process_memory_win.cc(73)] ReadMemory at 0x97cd90 of 58 bytes failed: Only part of a ReadProcessMemory or WriteProcessMemory request was completed. (0x12B)
[1120/155304.135:ERROR:process_memory_win.cc(73)] ReadMemory at 0x97cde0 of 58 bytes failed: Only part of a ReadProcessMemory or WriteProcessMemory request was completed. (0x12B)
[1120/155304.135:ERROR:process_memory_win.cc(73)] ReadMemory at 0x97ce30 of 64 bytes failed: Only part of a ReadProcessMemory or WriteProcessMemory request was completed. (0x12B)
[1120/155304.135:ERROR:process_memory_win.cc(73)] ReadMemory at 0x97ced0 of 62 bytes failed: Only part of a ReadProcessMemory or WriteProcessMemory request was completed. (0x12B)
[1120/155304.135:ERROR:process_memory_win.cc(73)] ReadMemory at 0x97cf20 of 60 bytes failed: Only part of a ReadProcessMemory or WriteProcessMemory request was completed. (0x12B)
[1120/155304.135:ERROR:process_memory_win.cc(73)] ReadMemory at 0x97cf70 of 62 bytes failed: Only part of a ReadProcessMemory or WriteProcessMemory request was completed. (0x12B)
[1120/155304.135:ERROR:process_memory_win.cc(73)] ReadMemory at 0x97cfc0 of 60 bytes failed: Only part of a ReadProcessMemory or WriteProcessMemory request was completed. (0x12B)
[1120/155304.135:ERROR:process_memory_win.cc(73)] ReadMemory at 0x97d010 of 64 bytes failed: Only part of a ReadProcessMemory or WriteProcessMemory request was completed. (0x12B)
[1120/155304.135:ERROR:process_memory_win.cc(73)] ReadMemory at 0x97d060 of 60 bytes failed: Only part of a ReadProcessMemory or WriteProcessMemory request was completed. (0x12B)
[1120/155304.166:ERROR:process_memory_win.cc(73)] ReadMemory at 0x97d0b0 of 64 bytes failed: Only part of a ReadProcessMemory or WriteProcessMemory request was completed. (0x12B)
[1120/155304.179:ERROR:process_memory_win.cc(73)] ReadMemory at 0x97d100 of 58 bytes failed: Only part of a ReadProcessMemory or WriteProcessMemory request was completed. (0x12B)
[1120/155304.190:ERROR:process_memory_win.cc(73)] ReadMemory at 0x97d150 of 58 bytes failed: Only part of a ReadProcessMemory or WriteProcessMemory request was completed. (0x12B)
[1120/155304.197:ERROR:process_memory_win.cc(73)] ReadMemory at 0x97d1a0 of 58 bytes failed: Only part of a ReadProcessMemory or WriteProcessMemory request was completed. (0x12B)
[1120/155304.198:ERROR:process_memory_win.cc(73)] ReadMemory at 0x97d1f0 of 60 bytes failed: Only part of a ReadProcessMemory or WriteProcessMemory request was completed. (0x12B)
[1120/155304.198:ERROR:process_memory_win.cc(73)] ReadMemory at 0x97d240 of 62 bytes failed: Only part of a ReadProcessMemory or WriteProcessMemory request was completed. (0x12B)
[1120/155304.222:ERROR:process_memory_win.cc(73)] ReadMemory at 0x97d290 of 62 bytes failed: Only part of a ReadProcessMemory or WriteProcessMemory request was completed. (0x12B)
[1120/155304.222:ERROR:process_memory_win.cc(73)] ReadMemory at 0x97d2e0 of 62 bytes failed: Only part of a ReadProcessMemory or WriteProcessMemory request was completed. (0x12B)
[1120/155304.222:ERROR:process_memory_win.cc(73)] ReadMemory at 0x97d330 of 62 bytes failed: Only part of a ReadProcessMemory or WriteProcessMemory request was completed. (0x12B)
[1120/155304.251:ERROR:process_memory_win.cc(73)] ReadMemory at 0x97d380 of 64 bytes failed: Only part of a ReadProcessMemory or WriteProcessMemory request was completed. (0x12B)
[1120/155304.269:ERROR:process_memory_win.cc(73)] ReadMemory at 0x97d3d0 of 62 bytes failed: Only part of a ReadProcessMemory or WriteProcessMemory request was completed. (0x12B)
[1120/155304.269:ERROR:process_memory_win.cc(73)] ReadMemory at 0x97d420 of 60 bytes failed: Only part of a ReadProcessMemory or WriteProcessMemory request was completed. (0x12B)
[1120/155304.269:ERROR:process_memory_win.cc(73)] ReadMemory at 0x97d470 of 60 bytes failed: Only part of a ReadProcessMemory or WriteProcessMemory request was completed. (0x12B)
[1120/155304.301:ERROR:process_memory_win.cc(73)] ReadMemory at 0x97d4c0 of 64 bytes failed: Only part of a ReadProcessMemory or WriteProcessMemory request was completed. (0x12B)
[1120/155304.317:ERROR:process_memory_win.cc(73)] ReadMemory at 0x97d510 of 62 bytes failed: Only part of a ReadProcessMemory or WriteProcessMemory request was completed. (0x12B)
[1120/155304.317:ERROR:process_memory_win.cc(73)] ReadMemory at 0x97d560 of 58 bytes failed: Only part of a ReadProcessMemory or WriteProcessMemory request was completed. (0x12B)
[1120/155304.317:ERROR:process_memory_win.cc(73)] ReadMemory at 0x97d5b0 of 64 bytes failed: Only part of a ReadProcessMemory or WriteProcessMemory request was completed. (0x12B)
[1120/155304.317:ERROR:process_memory_win.cc(73)] ReadMemory at 0x980900 of 54 bytes failed: Only part of a ReadProcessMemory or WriteProcessMemory request was completed. (0x12B)
[1120/155304.317:ERROR:process_memory_win.cc(73)] ReadMemory at 0x982600 of 132 bytes failed: Only part of a ReadProcessMemory or WriteProcessMemory request was completed. (0x12B)
[1120/155304.317:ERROR:process_memory_win.cc(73)] ReadMemory at 0x982fd0 of 132 bytes failed: Only part of a ReadProcessMemory or WriteProcessMemory request was completed. (0x12B)
[1120/155304.317:ERROR:process_memory_win.cc(73)] ReadMemory at 0x9830c0 of 132 bytes failed: Only part of a ReadProcessMemory or WriteProcessMemory request was completed. (0x12B)
[1120/155304.317:ERROR:process_memory_win.cc(73)] ReadMemory at 0x9831b0 of 132 bytes failed: Only part of a ReadProcessMemory or WriteProcessMemory request was completed. (0x12B)
[1120/155304.349:ERROR:process_memory_win.cc(73)] ReadMemory at 0x9832a0 of 132 bytes failed: Only part of a ReadProcessMemory or WriteProcessMemory request was completed. (0x12B)
[1120/155304.374:ERROR:process_memory_win.cc(73)] ReadMemory at 0x983390 of 132 bytes failed: Only part of a ReadProcessMemory or WriteProcessMemory request was completed. (0x12B)
[1120/155304.374:ERROR:process_memory_win.cc(73)] ReadMemory at 0x983c80 of 132 bytes failed: Only part of a ReadProcessMemory or WriteProcessMemory request was completed. (0x12B)
[1120/155304.374:ERROR:process_memory_win.cc(73)] ReadMemory at 0x983eb0 of 132 bytes failed: Only part of a ReadProcessMemory or WriteProcessMemory request was completed. (0x12B)
[1120/155304.374:ERROR:process_memory_win.cc(73)] ReadMemory at 0x984f10 of 54 bytes failed: Only part of a ReadProcessMemory or WriteProcessMemory request was completed. (0x12B)
[1120/155304.375:ERROR:process_memory_win.cc(73)] ReadMemory at 0x986960 of 132 bytes failed: Only part of a ReadProcessMemory or WriteProcessMemory request was completed. (0x12B)
[1120/155304.411:ERROR:process_memory_win.cc(73)] ReadMemory at 0x986c80 of 132 bytes failed: Only part of a ReadProcessMemory or WriteProcessMemory request was completed. (0x12B)
[1120/155304.411:ERROR:process_memory_win.cc(73)] ReadMemory at 0x987000 of 134 bytes failed: Only part of a ReadProcessMemory or WriteProcessMemory request was completed. (0x12B)
[1120/155304.412:ERROR:process_memory_win.cc(73)] ReadMemory at 0x9875c0 of 80 bytes failed: Only part of a ReadProcessMemory or WriteProcessMemory request was completed. (0x12B)
[1120/155304.440:ERROR:process_memory_win.cc(73)] ReadMemory at 0x988600 of 132 bytes failed: Only part of a ReadProcessMemory or WriteProcessMemory request was completed. (0x12B)
[1120/155304.440:ERROR:process_memory_win.cc(73)] ReadMemory at 0x9886f0 of 132 bytes failed: Only part of a ReadProcessMemory or WriteProcessMemory request was completed. (0x12B)
[1120/155304.441:ERROR:process_memory_win.cc(73)] ReadMemory at 0x9887e0 of 132 bytes failed: Only part of a ReadProcessMemory or WriteProcessMemory request was completed. (0x12B)
[1120/155304.441:ERROR:process_memory_win.cc(73)] ReadMemory at 0x9888d0 of 132 bytes failed: Only part of a ReadProcessMemory or WriteProcessMemory request was completed. (0x12B)
[1120/155304.441:ERROR:process_memory_win.cc(73)] ReadMemory at 0x9889c0 of 132 bytes failed: Only part of a ReadProcessMemory or WriteProcessMemory request was completed. (0x12B)
[1120/155304.441:ERROR:process_memory_win.cc(73)] ReadMemory at 0x988ab0 of 132 bytes failed: Only part of a ReadProcessMemory or WriteProcessMemory request was completed. (0x12B)
[1120/155304.441:ERROR:process_memory_win.cc(73)] ReadMemory at 0x988ba0 of 132 bytes failed: Only part of a ReadProcessMemory or WriteProcessMemory request was completed. (0x12B)
[1120/155304.441:ERROR:process_memory_win.cc(73)] ReadMemory at 0x988c90 of 132 bytes failed: Only part of a ReadProcessMemory or WriteProcessMemory request was completed. (0x12B)
[1120/155304.441:ERROR:process_memory_win.cc(73)] ReadMemory at 0x988d80 of 132 bytes failed: Only part of a ReadProcessMemory or WriteProcessMemory request was completed. (0x12B)
[1120/155304.441:ERROR:process_memory_win.cc(73)] ReadMemory at 0x988e70 of 132 bytes failed: Only part of a ReadProcessMemory or WriteProcessMemory request was completed. (0x12B)
[1120/155304.442:ERROR:process_memory_win.cc(73)] ReadMemory at 0x988f60 of 132 bytes failed: Only part of a ReadProcessMemory or WriteProcessMemory request was completed. (0x12B)
[1120/155304.442:ERROR:process_memory_win.cc(73)] ReadMemory at 0x989050 of 132 bytes failed: Only part of a ReadProcessMemory or WriteProcessMemory request was completed. (0x12B)
[1120/155304.442:ERROR:process_memory_win.cc(73)] ReadMemory at 0x989140 of 132 bytes failed: Only part of a ReadProcessMemory or WriteProcessMemory request was completed. (0x12B)
[1120/155304.442:ERROR:process_memory_win.cc(73)] ReadMemory at 0x989230 of 132 bytes failed: Only part of a ReadProcessMemory or WriteProcessMemory request was completed. (0x12B)
[1120/155304.442:ERROR:process_memory_win.cc(73)] ReadMemory at 0x989320 of 132 bytes failed: Only part of a ReadProcessMemory or WriteProcessMemory request was completed. (0x12B)
[1120/155304.442:ERROR:process_memory_win.cc(73)] ReadMemory at 0x989410 of 132 bytes failed: Only part of a ReadProcessMemory or WriteProcessMemory request was completed. (0x12B)
[1120/155304.451:ERROR:process_memory_win.cc(73)] ReadMemory at 0x989500 of 132 bytes failed: Only part of a ReadProcessMemory or WriteProcessMemory request was completed. (0x12B)
[1120/155304.451:ERROR:process_memory_win.cc(73)] ReadMemory at 0x9895f0 of 132 bytes failed: Only part of a ReadProcessMemory or WriteProcessMemory request was completed. (0x12B)
[1120/155304.451:ERROR:process_memory_win.cc(73)] ReadMemory at 0x9896e0 of 132 bytes failed: Only part of a ReadProcessMemory or WriteProcessMemory request was completed. (0x12B)
[1120/155304.451:ERROR:process_memory_win.cc(73)] ReadMemory at 0x9897d0 of 132 bytes failed: Only part of a ReadProcessMemory or WriteProcessMemory request was completed. (0x12B)
[1120/155304.472:ERROR:process_memory_win.cc(73)] ReadMemory at 0x9898c0 of 132 bytes failed: Only part of a ReadProcessMemory or WriteProcessMemory request was completed. (0x12B)
[1120/155304.473:ERROR:process_memory_win.cc(73)] ReadMemory at 0x9899b0 of 132 bytes failed: Only part of a ReadProcessMemory or WriteProcessMemory request was completed. (0x12B)
[1120/155304.473:ERROR:process_memory_win.cc(73)] ReadMemory at 0x989aa0 of 132 bytes failed: Only part of a ReadProcessMemory or WriteProcessMemory request was completed. (0x12B)
[1120/155304.473:ERROR:process_memory_win.cc(73)] ReadMemory at 0x989b90 of 132 bytes failed: Only part of a ReadProcessMemory or WriteProcessMemory request was completed. (0x12B)
[1120/155304.473:ERROR:process_memory_win.cc(73)] ReadMemory at 0x989c80 of 132 bytes failed: Only part of a ReadProcessMemory or WriteProcessMemory request was completed. (0x12B)
[1120/155304.473:ERROR:process_memory_win.cc(73)] ReadMemory at 0x989f50 of 132 bytes failed: Only part of a ReadProcessMemory or WriteProcessMemory request was completed. (0x12B)
[1120/155304.473:ERROR:process_memory_win.cc(73)] ReadMemory at 0x9d58c0 of 66 bytes failed: Only part of a ReadProcessMemory or WriteProcessMemory request was completed. (0x12B)
[1120/155304.474:ERROR:process_memory_win.cc(73)] ReadMemory at 0x9d7390 of 560 bytes failed: Only part of a ReadProcessMemory or WriteProcessMemory request was completed. (0x12B)
[1120/155304.474:ERROR:process_memory_win.cc(73)] ReadMemory at 0x9f1c20 of 512 bytes failed: Only part of a ReadProcessMemory or WriteProcessMemory request was completed. (0x12B)
[1120/155304.474:ERROR:process_memory_win.cc(73)] ReadMemory at 0x9f3460 of 576 bytes failed: Only part of a ReadProcessMemory or WriteProcessMemory request was completed. (0x12B)
[1120/155304.474:ERROR:process_memory_win.cc(73)] ReadMemory at 0x9f4bb8 of 512 bytes failed: Only part of a ReadProcessMemory or WriteProcessMemory request was completed. (0x12B)
[1120/155304.511:ERROR:process_memory_win.cc(73)] ReadMemory at 0x9fa460 of 512 bytes failed: Only part of a ReadProcessMemory or WriteProcessMemory request was completed. (0x12B)
[1120/155304.512:ERROR:process_memory_win.cc(73)] ReadMemory at 0x9fa8c0 of 512 bytes failed: Only part of a ReadProcessMemory or WriteProcessMemory request was completed. (0x12B)
[1120/155304.512:ERROR:process_memory_win.cc(73)] ReadMemory at 0xa05300 of 512 bytes failed: Only part of a ReadProcessMemory or WriteProcessMemory request was completed. (0x12B)
[1120/155304.534:ERROR:process_memory_win.cc(73)] ReadMemory at 0xa08730 of 712 bytes failed: Only part of a ReadProcessMemory or WriteProcessMemory request was completed. (0x12B)
[1120/155304.534:ERROR:process_memory_win.cc(73)] ReadMemory at 0xa10280 of 512 bytes failed: Only part of a ReadProcessMemory or WriteProcessMemory request was completed. (0x12B)
[1120/155304.534:ERROR:process_memory_win.cc(73)] ReadMemory at 0xa10ff8 of 512 bytes failed: Only part of a ReadProcessMemory or WriteProcessMemory request was completed. (0x12B)
[1120/155304.535:ERROR:process_memory_win.cc(73)] ReadMemory at 0xa175b0 of 560 bytes failed: Only part of a ReadProcessMemory or WriteProcessMemory request was completed. (0x12B)
[1120/155304.535:ERROR:process_memory_win.cc(73)] ReadMemory at 0xfeff80 of 512 bytes failed: Only part of a ReadProcessMemory or WriteProcessMemory request was completed. (0x12B)
[1120/155304.535:ERROR:process_memory_win.cc(73)] ReadMemory at 0x2cdaf88 of 512 bytes failed: Only part of a ReadProcessMemory or WriteProcessMemory request was completed. (0x12B)
[1120/155304.557:ERROR:process_memory_win.cc(73)] ReadMemory at 0x2cf1e92 of 708 bytes failed: Only part of a ReadProcessMemory or WriteProcessMemory request was completed. (0x12B)
[1120/155304.558:ERROR:process_memory_win.cc(73)] ReadMemory at 0x9cd3740 of 512 bytes failed: Only part of a ReadProcessMemory or WriteProcessMemory request was completed. (0x12B)
[1120/155304.558:ERROR:process_memory_win.cc(73)] ReadMemory at 0xb089410 of 512 bytes failed: Only part of a ReadProcessMemory or WriteProcessMemory request was completed. (0x12B)
[1120/155304.558:ERROR:process_memory_win.cc(73)] ReadMemory at 0xb2d10a0 of 512 bytes failed: Only part of a ReadProcessMemory or WriteProcessMemory request was completed. (0x12B)
[1120/155304.582:ERROR:process_memory_win.cc(73)] ReadMemory at 0xbbb40e0 of 512 bytes failed: Only part of a ReadProcessMemory or WriteProcessMemory request was completed. (0x12B)
[1120/155304.582:ERROR:process_memory_win.cc(73)] ReadMemory at 0xbbb4460 of 512 bytes failed: Only part of a ReadProcessMemory or WriteProcessMemory request was completed. (0x12B)
[1120/155304.583:ERROR:process_memory_win.cc(73)] ReadMemory at 0xbdf7600 of 528 bytes failed: Only part of a ReadProcessMemory or WriteProcessMemory request was completed. (0x12B)
[1120/155304.583:ERROR:process_memory_win.cc(73)] ReadMemory at 0xbeda170 of 528 bytes failed: Only part of a ReadProcessMemory or WriteProcessMemory request was completed. (0x12B)
[1120/155304.583:ERROR:process_memory_win.cc(73)] ReadMemory at 0xbf155f0 of 512 bytes failed: Only part of a ReadProcessMemory or WriteProcessMemory request was completed. (0x12B)
[1120/155304.583:ERROR:process_memory_win.cc(73)] ReadMemory at 0xd6ca708 of 512 bytes failed: Only part of a ReadProcessMemory or WriteProcessMemory request was completed. (0x12B)
[1120/155304.583:ERROR:process_memory_win.cc(73)] ReadMemory at 0xd6ca910 of 512 bytes failed: Only part of a ReadProcessMemory or WriteProcessMemory request was completed. (0x12B)
[1120/155304.583:ERROR:process_memory_win.cc(73)] ReadMemory at 0xd787bb0 of 576 bytes failed: Only part of a ReadProcessMemory or WriteProcessMemory request was completed. (0x12B)
[1120/155304.583:ERROR:process_memory_win.cc(73)] ReadMemory at 0x76f80000 of 384 bytes failed: Only part of a ReadProcessMemory or WriteProcessMemory request was completed. (0x12B)
[1120/155304.583:ERROR:process_memory_win.cc(73)] ReadMemory at 0x76f9ae40 of 512 bytes failed: Only part of a ReadProcessMemory or WriteProcessMemory request was completed. (0x12B)
[1120/155304.584:ERROR:process_memory_win.cc(73)] ReadMemory at 0x76f9fb40 of 512 bytes failed: Only part of a ReadProcessMemory or WriteProcessMemory request was completed. (0x12B)
[1120/155304.584:ERROR:process_memory_win.cc(73)] ReadMemory at 0x76fd12da of 592 bytes failed: Only part of a ReadProcessMemory or WriteProcessMemory request was completed. (0x12B)
[1120/155304.584:ERROR:process_memory_win.cc(73)] ReadMemory at 0x76fd184a of 512 bytes failed: Only part of a ReadProcessMemory or WriteProcessMemory request was completed. (0x12B)
[1120/155304.606:ERROR:process_memory_win.cc(73)] ReadMemory at 0x76fd2b8a of 528 bytes failed: Only part of a ReadProcessMemory or WriteProcessMemory request was completed. (0x12B)
[1120/155304.606:ERROR:process_memory_win.cc(73)] ReadMemory at 0x77084460 of 816 bytes failed: Only part of a ReadProcessMemory or WriteProcessMemory request was completed. (0x12B)
[1120/155304.606:ERROR:process_memory_win.cc(73)] ReadMemory at 0x770953f8 of 18 bytes failed: Only part of a ReadProcessMemory or WriteProcessMemory request was completed. (0x12B)
[1120/155304.618:ERROR:process_memory_win.cc(73)] ReadMemory at 0x770b2640 of 64 bytes failed: Only part of a ReadProcessMemory or WriteProcessMemory request was completed. (0x12B)
[1120/155304.619:ERROR:process_memory_win.cc(73)] ReadMemory at 0x770b7100 of 48 bytes failed: Only part of a ReadProcessMemory or WriteProcessMemory request was completed. (0x12B)
[1120/155304.637:ERROR:process_memory_win.cc(73)] ReadMemory at 0x770b7490 of 40 bytes failed: Only part of a ReadProcessMemory or WriteProcessMemory request was completed. (0x12B)
[1120/155304.637:ERROR:process_memory_win.cc(73)] ReadMemory at 0x17f85288f88 of 512 bytes failed: Only part of a ReadProcessMemory or WriteProcessMemory request was completed. (0x12B)
[1120/155304.637:ERROR:process_memory_win.cc(73)] ReadMemory at 0x5d4dd62ff80 of 512 bytes failed: Only part of a ReadProcessMemory or WriteProcessMemory request was completed. (0x12B)
[1120/155304.638:ERROR:process_memory_win.cc(73)] ReadMemory at 0x5d4dd6f9dc0 of 512 bytes failed: Only part of a ReadProcessMemory or WriteProcessMemory request was completed. (0x12B)
[1120/155304.638:ERROR:process_memory_win.cc(73)] ReadMemory at 0x5d4dd791020 of 512 bytes failed: Only part of a ReadProcessMemory or WriteProcessMemory request was completed. (0x12B)
[1120/155304.638:ERROR:process_memory_win.cc(73)] ReadMemory at 0x5d4de166e80 of 512 bytes failed: Only part of a ReadProcessMemory or WriteProcessMemory request was completed. (0x12B)
[1120/155304.638:ERROR:process_memory_win.cc(73)] ReadMemory at 0x5d4df300cd0 of 512 bytes failed: Only part of a ReadProcessMemory or WriteProcessMemory request was completed. (0x12B)
[1120/155304.638:ERROR:process_memory_win.cc(73)] ReadMemory at 0x7fee99134db of 512 bytes failed: Only part of a ReadProcessMemory or WriteProcessMemory request was completed. (0x12B)
[1120/155304.638:ERROR:process_memory_win.cc(73)] ReadMemory at 0x7fee9914090 of 512 bytes failed: Only part of a ReadProcessMemory or WriteProcessMemory request was completed. (0x12B)
[1120/155304.638:ERROR:process_memory_win.cc(73)] ReadMemory at 0x7feee6f748e of 610 bytes failed: Only part of a ReadProcessMemory or WriteProcessMemory request was completed. (0x12B)
[1120/155304.639:ERROR:process_memory_win.cc(73)] ReadMemory at 0x7fef16af560 of 512 bytes failed: Only part of a ReadProcessMemory or WriteProcessMemory request was completed. (0x12B)
[1120/155304.639:ERROR:process_memory_win.cc(73)] ReadMemory at 0x7fef2b15810 of 512 bytes failed: Only part of a ReadProcessMemory or WriteProcessMemory request was completed. (0x12B)
[1120/155304.639:ERROR:process_memory_win.cc(73)] ReadMemory at 0x7fef2b15ed7 of 512 bytes failed: Only part of a ReadProcessMemory or WriteProcessMemory request was completed. (0x12B)
[1120/155304.639:ERROR:process_memory_win.cc(73)] ReadMemory at 0x7fffff9c000 of 6024 bytes failed: Only part of a ReadProcessMemory or WriteProcessMemory request was completed. (0x12B)
[1120/155304.658:ERROR:process_memory_win.cc(73)] ReadMemory at 0x7fffff9e000 of 6024 bytes failed: Only part of a ReadProcessMemory or WriteProcessMemory request was completed. (0x12B)
[1120/155304.658:ERROR:process_memory_win.cc(73)] ReadMemory at 0x7fffffa0000 of 6024 bytes failed: Only part of a ReadProcessMemory or WriteProcessMemory request was completed. (0x12B)
[1120/155304.658:ERROR:process_memory_win.cc(73)] ReadMemory at 0x7fffffa2000 of 6024 bytes failed: Only part of a ReadProcessMemory or WriteProcessMemory request was completed. (0x12B)
[1120/155304.658:ERROR:process_memory_win.cc(73)] ReadMemory at 0x7fffffa4000 of 6024 bytes failed: Only part of a ReadProcessMemory or WriteProcessMemory request was completed. (0x12B)
[1120/155304.658:ERROR:process_memory_win.cc(73)] ReadMemory at 0x7fffffa6000 of 6024 bytes failed: Only part of a ReadProcessMemory or WriteProcessMemory request was completed. (0x12B)
[1120/155304.659:ERROR:process_memory_win.cc(73)] ReadMemory at 0x7fffffa8000 of 6024 bytes failed: Only part of a ReadProcessMemory or WriteProcessMemory request was completed. (0x12B)
[1120/155304.659:ERROR:process_memory_win.cc(73)] ReadMemory at 0x7fffffaa000 of 6024 bytes failed: Only part of a ReadProcessMemory or WriteProcessMemory request was completed. (0x12B)
[1120/155304.659:ERROR:process_memory_win.cc(73)] ReadMemory at 0x7fffffac000 of 6024 bytes failed: Only part of a ReadProcessMemory or WriteProcessMemory request was completed. (0x12B)
[1120/155304.659:ERROR:process_memory_win.cc(73)] ReadMemory at 0x7fffffae000 of 6024 bytes failed: Only part of a ReadProcessMemory or WriteProcessMemory request was completed. (0x12B)
[1120/155304.659:ERROR:process_memory_win.cc(73)] ReadMemory at 0x7fffffd3000 of 852 bytes failed: Only part of a ReadProcessMemory or WriteProcessMemory request was completed. (0x12B)
[1120/155304.660:ERROR:process_memory_win.cc(73)] ReadMemory at 0x7fffffd4000 of 6024 bytes failed: Only part of a ReadProcessMemory or WriteProcessMemory request was completed. (0x12B)
[1120/155304.660:ERROR:process_memory_win.cc(73)] ReadMemory at 0x7fffffd6000 of 6024 bytes failed: Only part of a ReadProcessMemory or WriteProcessMemory request was completed. (0x12B)
[1120/155304.660:ERROR:process_memory_win.cc(73)] ReadMemory at 0x7fffffd8000 of 6024 bytes failed: Only part of a ReadProcessMemory or WriteProcessMemory request was completed. (0x12B)
[1120/155304.660:ERROR:process_memory_win.cc(73)] ReadMemory at 0x7fffffda000 of 6024 bytes failed: Only part of a ReadProcessMemory or WriteProcessMemory request was completed. (0x12B)
[1120/155304.660:ERROR:process_memory_win.cc(73)] ReadMemory at 0x7fffffdc000 of 6024 bytes failed: Only part of a ReadProcessMemory or WriteProcessMemory request was completed. (0x12B)
[1120/155304.660:ERROR:process_memory_win.cc(73)] ReadMemory at 0x7fffffde000 of 6024 bytes failed: Only part of a ReadProcessMemory or WriteProcessMemory request was completed. (0x12B)
[1120/155304.901:ERROR:scoped_process_suspend.cc(40)] NtResumeProcess: An attempt was made to access an exiting process. (0xc000010a)
[1121/095831.994:ERROR:directory_reader_win.cc(43)] FindFirstFile: The system cannot find the path specified. (0x3)
